Determining if the pthread_create exist failed with the following output:
Change Dir: /home/ewen/advancedhpc2017/labwork/build/CMakeFiles/CMakeTmp

Run Build Command:"/usr/bin/make" "cmTC_eaae2/fast"
/usr/bin/make -f CMakeFiles/cmTC_eaae2.dir/build.make CMakeFiles/cmTC_eaae2.dir/build
make[1]: Entering directory '/home/ewen/advancedhpc2017/labwork/build/CMakeFiles/CMakeTmp'
Building C object CMakeFiles/cmTC_eaae2.dir/CheckSymbolExists.c.o
/usr/bin/cc    -fPIC    -o CMakeFiles/cmTC_eaae2.dir/CheckSymbolExists.c.o   -c /home/ewen/advancedhpc2017/labwork/build/CMakeFiles/CMakeTmp/CheckSymbolExists.c
Linking C executable cmTC_eaae2
/usr/bin/cmake -E cmake_link_script CMakeFiles/cmTC_eaae2.dir/link.txt --verbose=1
/usr/bin/cc  -fPIC     CMakeFiles/cmTC_eaae2.dir/CheckSymbolExists.c.o  -o cmTC_eaae2 -rdynamic 
CMakeFiles/cmTC_eaae2.dir/CheckSymbolExists.c.o: In function `main':
CheckSymbolExists.c:(.text+0x1b): undefined reference to `pthread_create'
collect2: error: ld returned 1 exit status
CMakeFiles/cmTC_eaae2.dir/build.make:97: recipe for target 'cmTC_eaae2' failed
make[1]: *** [cmTC_eaae2] Error 1
make[1]: Leaving directory '/home/ewen/advancedhpc2017/labwork/build/CMakeFiles/CMakeTmp'
Makefile:126: recipe for target 'cmTC_eaae2/fast' failed
make: *** [cmTC_eaae2/fast] Error 2

File /home/ewen/advancedhpc2017/labwork/build/CMakeFiles/CMakeTmp/CheckSymbolExists.c:
/* */
#include <pthread.h>

int main(int argc, char** argv)
{
  (void)argv;
#ifndef pthread_create
  return ((int*)(&pthread_create))[argc];
#else
  (void)argc;
  return 0;
#endif
}

Determining if the function pthread_create exists in the pthreads failed with the following output:
Change Dir: /home/ewen/advancedhpc2017/labwork/build/CMakeFiles/CMakeTmp

Run Build Command:"/usr/bin/make" "cmTC_6a9dc/fast"
/usr/bin/make -f CMakeFiles/cmTC_6a9dc.dir/build.make CMakeFiles/cmTC_6a9dc.dir/build
make[1]: Entering directory '/home/ewen/advancedhpc2017/labwork/build/CMakeFiles/CMakeTmp'
Building C object CMakeFiles/cmTC_6a9dc.dir/CheckFunctionExists.c.o
/usr/bin/cc    -fPIC -DCHECK_FUNCTION_EXISTS=pthread_create   -o CMakeFiles/cmTC_6a9dc.dir/CheckFunctionExists.c.o   -c /usr/share/cmake-3.7/Modules/CheckFunctionExists.c
Linking C executable cmTC_6a9dc
/usr/bin/cmake -E cmake_link_script CMakeFiles/cmTC_6a9dc.dir/link.txt --verbose=1
/usr/bin/cc  -fPIC -DCHECK_FUNCTION_EXISTS=pthread_create    CMakeFiles/cmTC_6a9dc.dir/CheckFunctionExists.c.o  -o cmTC_6a9dc -rdynamic -lpthreads 
/usr/bin/ld: cannot find -lpthreads
collect2: error: ld returned 1 exit status
CMakeFiles/cmTC_6a9dc.dir/build.make:97: recipe for target 'cmTC_6a9dc' failed
make[1]: *** [cmTC_6a9dc] Error 1
make[1]: Leaving directory '/home/ewen/advancedhpc2017/labwork/build/CMakeFiles/CMakeTmp'
Makefile:126: recipe for target 'cmTC_6a9dc/fast' failed
make: *** [cmTC_6a9dc/fast] Error 2


